<?xml version="1.0" encoding="UTF-8"?>
<testsuite name="lox.LoxTest" tests="1" skipped="0" failures="0" errors="0" timestamp="2025-03-24T16:54:07" hostname="nixos" time="0.022">
  <properties/>
  <testcase name="testRun()" classname="lox.LoxTest" time="0.022"/>
  <system-out><![CDATA[]]></system-out>
  <system-err><![CDATA[]]></system-err>
</testsuite>
